TN:
SF:backend\server.ts
FN:47,(anonymous_10)
FN:55,(anonymous_11)
FN:82,(anonymous_12)
FN:109,(anonymous_13)
FN:128,(anonymous_14)
FN:155,(anonymous_15)
FN:182,(anonymous_16)
FN:214,(anonymous_17)
FN:241,(anonymous_18)
FN:268,(anonymous_19)
FN:286,(anonymous_20)
FN:321,(anonymous_21)
FN:356,(anonymous_22)
FN:391,(anonymous_23)
FN:418,(anonymous_24)
FN:456,(anonymous_25)
FN:483,(anonymous_26)
FN:510,(anonymous_27)
FN:537,(anonymous_28)
FN:572,(anonymous_29)
FN:607,(anonymous_30)
FN:642,(anonymous_31)
FN:677,(anonymous_32)
FN:704,(anonymous_33)
FN:722,(anonymous_34)
FN:750,(anonymous_35)
FN:778,(anonymous_36)
FN:805,(anonymous_37)
FN:824,(anonymous_38)
FN:852,(anonymous_39)
FN:880,(anonymous_40)
FN:915,(anonymous_41)
FN:944,(anonymous_42)
FN:963,(anonymous_43)
FN:999,(anonymous_44)
FN:1039,(anonymous_45)
FN:1074,(anonymous_46)
FN:1102,(anonymous_47)
FN:1104,(anonymous_48)
FN:1121,(anonymous_49)
FN:1150,(anonymous_50)
FN:1185,(anonymous_51)
FN:1202,(anonymous_52)
FN:1221,(anonymous_53)
FN:1308,(anonymous_54)
FN:1317,(anonymous_55)
FN:1325,(anonymous_56)
FNF:47
FNH:0
FNDA:0,(anonymous_10)
FNDA:0,(anonymous_11)
FNDA:0,(anonymous_12)
FNDA:0,(anonymous_13)
FNDA:0,(anonymous_14)
FNDA:0,(anonymous_15)
FNDA:0,(anonymous_16)
FNDA:0,(anonymous_17)
FNDA:0,(anonymous_18)
FNDA:0,(anonymous_19)
FNDA:0,(anonymous_20)
FNDA:0,(anonymous_21)
FNDA:0,(anonymous_22)
FNDA:0,(anonymous_23)
FNDA:0,(anonymous_24)
FNDA:0,(anonymous_25)
FNDA:0,(anonymous_26)
FNDA:0,(anonymous_27)
FNDA:0,(anonymous_28)
FNDA:0,(anonymous_29)
FNDA:0,(anonymous_30)
FNDA:0,(anonymous_31)
FNDA:0,(anonymous_32)
FNDA:0,(anonymous_33)
FNDA:0,(anonymous_34)
FNDA:0,(anonymous_35)
FNDA:0,(anonymous_36)
FNDA:0,(anonymous_37)
FNDA:0,(anonymous_38)
FNDA:0,(anonymous_39)
FNDA:0,(anonymous_40)
FNDA:0,(anonymous_41)
FNDA:0,(anonymous_42)
FNDA:0,(anonymous_43)
FNDA:0,(anonymous_44)
FNDA:0,(anonymous_45)
FNDA:0,(anonymous_46)
FNDA:0,(anonymous_47)
FNDA:0,(anonymous_48)
FNDA:0,(anonymous_49)
FNDA:0,(anonymous_50)
FNDA:0,(anonymous_51)
FNDA:0,(anonymous_52)
FNDA:0,(anonymous_53)
FNDA:0,(anonymous_54)
FNDA:0,(anonymous_55)
FNDA:0,(anonymous_56)
DA:1,0
DA:2,0
DA:3,0
DA:4,0
DA:5,0
DA:6,0
DA:7,0
DA:8,0
DA:9,0
DA:10,0
DA:11,0
DA:12,0
DA:13,0
DA:14,0
DA:15,0
DA:18,0
DA:20,0
DA:21,0
DA:24,0
DA:25,0
DA:28,0
DA:29,0
DA:30,0
DA:31,0
DA:34,0
DA:35,0
DA:36,0
DA:37,0
DA:38,0
DA:41,0
DA:44,0
DA:47,0
DA:48,0
DA:55,0
DA:56,0
DA:57,0
DA:59,0
DA:60,0
DA:66,0
DA:68,0
DA:69,0
DA:71,0
DA:74,0
DA:75,0
DA:82,0
DA:83,0
DA:84,0
DA:86,0
DA:87,0
DA:93,0
DA:95,0
DA:96,0
DA:98,0
DA:101,0
DA:102,0
DA:109,0
DA:110,0
DA:111,0
DA:113,0
DA:114,0
DA:116,0
DA:119,0
DA:120,0
DA:128,0
DA:129,0
DA:130,0
DA:132,0
DA:133,0
DA:139,0
DA:141,0
DA:142,0
DA:144,0
DA:147,0
DA:148,0
DA:155,0
DA:156,0
DA:157,0
DA:159,0
DA:160,0
DA:166,0
DA:168,0
DA:169,0
DA:171,0
DA:174,0
DA:175,0
DA:182,0
DA:183,0
DA:184,0
DA:186,0
DA:187,0
DA:193,0
DA:195,0
DA:196,0
DA:202,0
DA:203,0
DA:205,0
DA:206,0
DA:214,0
DA:215,0
DA:216,0
DA:218,0
DA:219,0
DA:225,0
DA:227,0
DA:228,0
DA:230,0
DA:233,0
DA:234,0
DA:241,0
DA:242,0
DA:243,0
DA:245,0
DA:246,0
DA:252,0
DA:254,0
DA:255,0
DA:257,0
DA:260,0
DA:261,0
DA:268,0
DA:269,0
DA:270,0
DA:272,0
DA:273,0
DA:275,0
DA:278,0
DA:279,0
DA:286,0
DA:287,0
DA:288,0
DA:290,0
DA:291,0
DA:297,0
DA:298,0
DA:299,0
DA:305,0
DA:307,0
DA:308,0
DA:310,0
DA:313,0
DA:314,0
DA:321,0
DA:322,0
DA:323,0
DA:324,0
DA:326,0
DA:327,0
DA:333,0
DA:334,0
DA:340,0
DA:342,0
DA:343,0
DA:345,0
DA:348,0
DA:349,0
DA:356,0
DA:357,0
DA:358,0
DA:359,0
DA:361,0
DA:362,0
DA:368,0
DA:369,0
DA:375,0
DA:377,0
DA:378,0
DA:380,0
DA:383,0
DA:384,0
DA:391,0
DA:392,0
DA:393,0
DA:395,0
DA:396,0
DA:402,0
DA:404,0
DA:405,0
DA:407,0
DA:410,0
DA:411,0
DA:418,0
DA:419,0
DA:420,0
DA:422,0
DA:423,0
DA:429,0
DA:430,0
DA:432,0
DA:433,0
DA:439,0
DA:441,0
DA:442,0
DA:444,0
DA:447,0
DA:448,0
DA:456,0
DA:457,0
DA:458,0
DA:460,0
DA:461,0
DA:467,0
DA:469,0
DA:470,0
DA:472,0
DA:475,0
DA:476,0
DA:483,0
DA:484,0
DA:485,0
DA:487,0
DA:488,0
DA:494,0
DA:496,0
DA:497,0
DA:499,0
DA:502,0
DA:503,0
DA:510,0
DA:511,0
DA:512,0
DA:514,0
DA:515,0
DA:521,0
DA:523,0
DA:524,0
DA:526,0
DA:529,0
DA:530,0
DA:537,0
DA:538,0
DA:539,0
DA:540,0
DA:542,0
DA:543,0
DA:549,0
DA:550,0
DA:556,0
DA:558,0
DA:559,0
DA:561,0
DA:564,0
DA:565,0
DA:572,0
DA:573,0
DA:574,0
DA:575,0
DA:577,0
DA:578,0
DA:584,0
DA:585,0
DA:591,0
DA:593,0
DA:594,0
DA:596,0
DA:599,0
DA:600,0
DA:607,0
DA:608,0
DA:609,0
DA:610,0
DA:612,0
DA:613,0
DA:619,0
DA:620,0
DA:626,0
DA:628,0
DA:629,0
DA:631,0
DA:634,0
DA:635,0
DA:642,0
DA:643,0
DA:644,0
DA:645,0
DA:647,0
DA:648,0
DA:654,0
DA:655,0
DA:661,0
DA:663,0
DA:664,0
DA:666,0
DA:669,0
DA:670,0
DA:677,0
DA:678,0
DA:679,0
DA:681,0
DA:682,0
DA:688,0
DA:690,0
DA:691,0
DA:693,0
DA:696,0
DA:697,0
DA:704,0
DA:705,0
DA:706,0
DA:708,0
DA:709,0
DA:711,0
DA:714,0
DA:715,0
DA:722,0
DA:723,0
DA:724,0
DA:726,0
DA:727,0
DA:733,0
DA:735,0
DA:736,0
DA:738,0
DA:741,0
DA:742,0
DA:750,0
DA:751,0
DA:752,0
DA:753,0
DA:755,0
DA:756,0
DA:762,0
DA:764,0
DA:765,0
DA:767,0
DA:770,0
DA:771,0
DA:778,0
DA:779,0
DA:780,0
DA:782,0
DA:783,0
DA:789,0
DA:791,0
DA:792,0
DA:794,0
DA:797,0
DA:798,0
DA:805,0
DA:806,0
DA:807,0
DA:809,0
DA:810,0
DA:812,0
DA:815,0
DA:816,0
DA:824,0
DA:825,0
DA:826,0
DA:828,0
DA:829,0
DA:837,0
DA:844,0
DA:845,0
DA:852,0
DA:853,0
DA:854,0
DA:856,0
DA:857,0
DA:864,0
DA:871,0
DA:872,0
DA:880,0
DA:881,0
DA:882,0
DA:883,0
DA:885,0
DA:886,0
DA:892,0
DA:893,0
DA:899,0
DA:901,0
DA:902,0
DA:904,0
DA:907,0
DA:908,0
DA:915,0
DA:916,0
DA:917,0
DA:918,0
DA:920,0
DA:921,0
DA:927,0
DA:928,0
DA:930,0
DA:931,0
DA:933,0
DA:936,0
DA:937,0
DA:944,0
DA:945,0
DA:946,0
DA:948,0
DA:949,0
DA:951,0
DA:954,0
DA:955,0
DA:963,0
DA:964,0
DA:965,0
DA:966,0
DA:968,0
DA:969,0
DA:975,0
DA:976,0
DA:982,0
DA:983,0
DA:985,0
DA:986,0
DA:988,0
DA:991,0
DA:992,0
DA:999,0
DA:1000,0
DA:1001,0
DA:1002,0
DA:1004,0
DA:1005,0
DA:1011,0
DA:1012,0
DA:1018,0
DA:1020,0
DA:1022,0
DA:1023,0
DA:1026,0
DA:1028,0
DA:1031,0
DA:1032,0
DA:1039,0
DA:1040,0
DA:1041,0
DA:1042,0
DA:1044,0
DA:1045,0
DA:1051,0
DA:1052,0
DA:1058,0
DA:1060,0
DA:1061,0
DA:1063,0
DA:1066,0
DA:1067,0
DA:1074,0
DA:1075,0
DA:1076,0
DA:1078,0
DA:1079,0
DA:1085,0
DA:1087,0
DA:1088,0
DA:1090,0
DA:1093,0
DA:1094,0
DA:1102,0
DA:1103,0
DA:1104,0
DA:1105,0
DA:1107,0
DA:1112,0
DA:1113,0
DA:1121,0
DA:1122,0
DA:1123,0
DA:1125,0
DA:1126,0
DA:1133,0
DA:1135,0
DA:1142,0
DA:1143,0
DA:1150,0
DA:1151,0
DA:1152,0
DA:1154,0
DA:1155,0
DA:1161,0
DA:1169,0
DA:1171,0
DA:1177,0
DA:1178,0
DA:1185,0
DA:1186,0
DA:1187,0
DA:1189,0
DA:1194,0
DA:1195,0
DA:1202,0
DA:1203,0
DA:1204,0
DA:1206,0
DA:1212,0
DA:1213,0
DA:1221,0
DA:1222,0
DA:1308,0
DA:1309,0
DA:1310,0
DA:1317,0
DA:1318,0
DA:1325,0
DA:1326,0
DA:1327,0
DA:1328,0
DA:1329,0
DA:1330,0
DA:1331,0
DA:1332,0
DA:1333,0
DA:1334,0
DA:1335,0
DA:1336,0
DA:1337,0
DA:1338,0
DA:1339,0
LF:512
LH:0
BRDA:21,0,0,0
BRDA:21,0,1,0
BRDA:59,1,0,0
BRDA:59,1,1,0
BRDA:59,2,0,0
BRDA:59,2,1,0
BRDA:59,2,2,0
BRDA:68,3,0,0
BRDA:68,3,1,0
BRDA:86,4,0,0
BRDA:86,4,1,0
BRDA:86,5,0,0
BRDA:86,5,1,0
BRDA:95,6,0,0
BRDA:95,6,1,0
BRDA:113,7,0,0
BRDA:113,7,1,0
BRDA:132,8,0,0
BRDA:132,8,1,0
BRDA:141,9,0,0
BRDA:141,9,1,0
BRDA:159,10,0,0
BRDA:159,10,1,0
BRDA:168,11,0,0
BRDA:168,11,1,0
BRDA:186,12,0,0
BRDA:186,12,1,0
BRDA:193,13,0,0
BRDA:193,13,1,0
BRDA:195,14,0,0
BRDA:195,14,1,0
BRDA:195,15,0,0
BRDA:195,15,1,0
BRDA:218,16,0,0
BRDA:218,16,1,0
BRDA:218,17,0,0
BRDA:218,17,1,0
BRDA:218,17,2,0
BRDA:227,18,0,0
BRDA:227,18,1,0
BRDA:245,19,0,0
BRDA:245,19,1,0
BRDA:254,20,0,0
BRDA:254,20,1,0
BRDA:272,21,0,0
BRDA:272,21,1,0
BRDA:290,22,0,0
BRDA:290,22,1,0
BRDA:298,23,0,0
BRDA:298,23,1,0
BRDA:307,24,0,0
BRDA:307,24,1,0
BRDA:326,25,0,0
BRDA:326,25,1,0
BRDA:333,26,0,0
BRDA:333,26,1,0
BRDA:342,27,0,0
BRDA:342,27,1,0
BRDA:361,28,0,0
BRDA:361,28,1,0
BRDA:368,29,0,0
BRDA:368,29,1,0
BRDA:377,30,0,0
BRDA:377,30,1,0
BRDA:395,31,0,0
BRDA:395,31,1,0
BRDA:404,32,0,0
BRDA:404,32,1,0
BRDA:422,33,0,0
BRDA:422,33,1,0
BRDA:422,34,0,0
BRDA:422,34,1,0
BRDA:432,35,0,0
BRDA:432,35,1,0
BRDA:432,36,0,0
BRDA:432,36,1,0
BRDA:441,37,0,0
BRDA:441,37,1,0
BRDA:460,38,0,0
BRDA:460,38,1,0
BRDA:460,39,0,0
BRDA:460,39,1,0
BRDA:460,39,2,0
BRDA:460,39,3,0
BRDA:469,40,0,0
BRDA:469,40,1,0
BRDA:487,41,0,0
BRDA:487,41,1,0
BRDA:496,42,0,0
BRDA:496,42,1,0
BRDA:514,43,0,0
BRDA:514,43,1,0
BRDA:523,44,0,0
BRDA:523,44,1,0
BRDA:542,45,0,0
BRDA:542,45,1,0
BRDA:549,46,0,0
BRDA:549,46,1,0
BRDA:558,47,0,0
BRDA:558,47,1,0
BRDA:577,48,0,0
BRDA:577,48,1,0
BRDA:584,49,0,0
BRDA:584,49,1,0
BRDA:593,50,0,0
BRDA:593,50,1,0
BRDA:612,51,0,0
BRDA:612,51,1,0
BRDA:612,52,0,0
BRDA:612,52,1,0
BRDA:619,53,0,0
BRDA:619,53,1,0
BRDA:628,54,0,0
BRDA:628,54,1,0
BRDA:647,55,0,0
BRDA:647,55,1,0
BRDA:654,56,0,0
BRDA:654,56,1,0
BRDA:663,57,0,0
BRDA:663,57,1,0
BRDA:681,58,0,0
BRDA:681,58,1,0
BRDA:690,59,0,0
BRDA:690,59,1,0
BRDA:708,60,0,0
BRDA:708,60,1,0
BRDA:726,61,0,0
BRDA:726,61,1,0
BRDA:735,62,0,0
BRDA:735,62,1,0
BRDA:753,63,0,0
BRDA:753,63,1,0
BRDA:755,64,0,0
BRDA:755,64,1,0
BRDA:755,65,0,0
BRDA:755,65,1,0
BRDA:764,66,0,0
BRDA:764,66,1,0
BRDA:782,67,0,0
BRDA:782,67,1,0
BRDA:791,68,0,0
BRDA:791,68,1,0
BRDA:809,69,0,0
BRDA:809,69,1,0
BRDA:828,70,0,0
BRDA:828,70,1,0
BRDA:856,71,0,0
BRDA:856,71,1,0
BRDA:885,72,0,0
BRDA:885,72,1,0
BRDA:892,73,0,0
BRDA:892,73,1,0
BRDA:892,74,0,0
BRDA:892,74,1,0
BRDA:901,75,0,0
BRDA:901,75,1,0
BRDA:920,76,0,0
BRDA:920,76,1,0
BRDA:927,77,0,0
BRDA:927,77,1,0
BRDA:930,78,0,0
BRDA:930,78,1,0
BRDA:948,79,0,0
BRDA:948,79,1,0
BRDA:968,80,0,0
BRDA:968,80,1,0
BRDA:975,81,0,0
BRDA:975,81,1,0
BRDA:982,82,0,0
BRDA:982,82,1,0
BRDA:985,83,0,0
BRDA:985,83,1,0
BRDA:1004,84,0,0
BRDA:1004,84,1,0
BRDA:1011,85,0,0
BRDA:1011,85,1,0
BRDA:1011,86,0,0
BRDA:1011,86,1,0
BRDA:1011,86,2,0
BRDA:1020,87,0,0
BRDA:1020,87,1,0
BRDA:1022,88,0,0
BRDA:1022,88,1,0
BRDA:1044,89,0,0
BRDA:1044,89,1,0
BRDA:1051,90,0,0
BRDA:1051,90,1,0
BRDA:1051,91,0,0
BRDA:1051,91,1,0
BRDA:1060,92,0,0
BRDA:1060,92,1,0
BRDA:1078,93,0,0
BRDA:1078,93,1,0
BRDA:1087,94,0,0
BRDA:1087,94,1,0
BRDA:1125,95,0,0
BRDA:1125,95,1,0
BRDA:1125,96,0,0
BRDA:1125,96,1,0
BRDA:1125,96,2,0
BRDA:1154,97,0,0
BRDA:1154,97,1,0
BRDA:1154,98,0,0
BRDA:1154,98,1,0
BRDA:1154,98,2,0
BRDA:1154,98,3,0
BRF:206
BRH:0
end_of_record
TN:
SF:backend\domain\entities\Attack.ts
FN:71,(anonymous_0)
FN:130,(anonymous_1)
FN:134,(anonymous_2)
FN:135,(anonymous_3)
FN:139,(anonymous_4)
FN:140,(anonymous_5)
FN:145,(anonymous_6)
FNF:7
FNH:7
FNDA:361,(anonymous_0)
FNDA:2,(anonymous_1)
FNDA:6,(anonymous_2)
FNDA:12,(anonymous_3)
FNDA:2,(anonymous_4)
FNDA:14,(anonymous_5)
FNDA:6,(anonymous_6)
DA:22,1
DA:23,1
DA:73,361
DA:74,361
DA:76,361
DA:77,0
DA:81,361
DA:82,361
DA:84,361
DA:85,56
DA:96,305
DA:97,305
DA:99,305
DA:102,305
DA:103,305
DA:105,305
DA:106,54
DA:110,305
DA:111,305
DA:114,305
DA:116,305
DA:120,305
DA:131,2
DA:135,12
DA:140,14
DA:141,2
DA:146,6
DA:147,6
DA:148,6
LF:29
LH:28
BRDA:76,0,0,0
BRDA:76,0,1,361
BRDA:84,1,0,56
BRDA:84,1,1,305
BRDA:105,2,0,54
BRDA:105,2,1,251
BRDA:116,3,0,54
BRDA:116,3,1,251
BRDA:135,4,0,6
BRDA:135,4,1,1
BRDA:139,5,0,0
BRF:11
BRH:9
end_of_record
TN:
SF:backend\domain\entities\Battle.ts
FN:34,(anonymous_0)
FN:57,(anonymous_1)
FN:58,(anonymous_2)
FN:59,(anonymous_3)
FN:60,(anonymous_4)
FN:61,(anonymous_5)
FN:62,(anonymous_6)
FN:63,(anonymous_7)
FN:64,(anonymous_8)
FN:65,(anonymous_9)
FN:68,(anonymous_10)
FN:78,(anonymous_11)
FN:93,(anonymous_12)
FN:102,(anonymous_13)
FN:112,(anonymous_14)
FN:145,(anonymous_15)
FN:151,(anonymous_16)
FN:156,(anonymous_17)
FN:185,(anonymous_18)
FNF:19
FNH:18
FNDA:20,(anonymous_0)
FNDA:2,(anonymous_1)
FNDA:6,(anonymous_2)
FNDA:10,(anonymous_3)
FNDA:2,(anonymous_4)
FNDA:7,(anonymous_5)
FNDA:4,(anonymous_6)
FNDA:0,(anonymous_7)
FNDA:3,(anonymous_8)
FNDA:1,(anonymous_9)
FNDA:15,(anonymous_10)
FNDA:6,(anonymous_11)
FNDA:2,(anonymous_12)
FNDA:4,(anonymous_13)
FNDA:6,(anonymous_14)
FNDA:3,(anonymous_15)
FNDA:3,(anonymous_16)
FNDA:21,(anonymous_17)
FNDA:1,(anonymous_18)
DA:23,1
DA:45,20
DA:46,20
DA:47,20
DA:48,20
DA:49,20
DA:50,20
DA:51,20
DA:52,20
DA:53,20
DA:57,2
DA:58,6
DA:59,10
DA:60,2
DA:61,7
DA:62,4
DA:63,0
DA:64,3
DA:65,1
DA:69,15
DA:70,1
DA:73,14
DA:74,14
DA:75,14
DA:79,6
DA:80,1
DA:83,5
DA:84,1
DA:87,4
DA:88,4
DA:89,4
DA:90,4
DA:94,2
DA:95,1
DA:98,1
DA:99,1
DA:103,4
DA:104,1
DA:107,3
DA:113,6
DA:114,1
DA:117,5
DA:118,1
DA:121,4
DA:122,1
DA:126,3
DA:127,0
DA:128,0
DA:129,3
DA:130,2
DA:131,2
DA:133,1
DA:137,2
DA:138,1
DA:139,1
DA:141,1
DA:146,3
DA:147,2
DA:148,1
DA:152,3
DA:157,21
DA:158,1
DA:161,20
DA:169,20
DA:177,20
DA:186,1
LF:66
LH:63
BRDA:38,0,0,20
BRDA:39,1,0,20
BRDA:40,2,0,20
BRDA:41,3,0,20
BRDA:42,4,0,20
BRDA:43,5,0,20
BRDA:69,6,0,1
BRDA:69,6,1,14
BRDA:79,7,0,1
BRDA:79,7,1,5
BRDA:83,8,0,1
BRDA:83,8,1,4
BRDA:83,9,0,5
BRDA:83,9,1,1
BRDA:94,10,0,1
BRDA:94,10,1,1
BRDA:103,11,0,1
BRDA:103,11,1,3
BRDA:107,12,0,2
BRDA:107,12,1,1
BRDA:113,13,0,1
BRDA:113,13,1,5
BRDA:117,14,0,1
BRDA:117,14,1,4
BRDA:121,15,0,1
BRDA:121,15,1,3
BRDA:126,16,0,0
BRDA:126,16,1,3
BRDA:129,17,0,2
BRDA:129,17,1,1
BRDA:137,18,0,1
BRDA:137,18,1,1
BRDA:137,19,0,2
BRDA:137,19,1,2
BRDA:138,20,0,1
BRDA:138,20,1,0
BRDA:146,21,0,1
BRDA:146,21,1,2
BRDA:147,22,0,1
BRDA:147,22,1,1
BRDA:152,23,0,3
BRDA:152,23,1,2
BRDA:157,24,0,1
BRDA:157,24,1,20
BRF:44
BRH:42
end_of_record
TN:
SF:backend\domain\entities\Character.ts
FN:24,(anonymous_0)
FN:39,(anonymous_1)
FN:40,(anonymous_2)
FN:41,(anonymous_3)
FN:42,(anonymous_4)
FN:43,(anonymous_5)
FN:46,(anonymous_6)
FN:51,(anonymous_7)
FN:58,(anonymous_8)
FN:62,(anonymous_9)
FN:66,(anonymous_10)
FN:73,(anonymous_11)
FN:81,(anonymous_12)
FN:91,(anonymous_13)
FN:96,(anonymous_14)
FN:113,(anonymous_15)
FNF:16
FNH:16
FNDA:17,(anonymous_0)
FNDA:2,(anonymous_1)
FNDA:3,(anonymous_2)
FNDA:2,(anonymous_3)
FNDA:8,(anonymous_4)
FNDA:1,(anonymous_5)
FNDA:4,(anonymous_6)
FNDA:5,(anonymous_7)
FNDA:1,(anonymous_8)
FNDA:2,(anonymous_9)
FNDA:4,(anonymous_10)
FNDA:3,(anonymous_11)
FNDA:21,(anonymous_12)
FNDA:26,(anonymous_13)
FNDA:20,(anonymous_14)
FNDA:1,(anonymous_15)
DA:17,1
DA:31,17
DA:32,17
DA:33,17
DA:34,17
DA:35,17
DA:39,2
DA:40,3
DA:41,2
DA:42,8
DA:43,1
DA:47,4
DA:48,4
DA:52,5
DA:53,2
DA:55,3
DA:59,1
DA:63,2
DA:67,4
DA:68,1
DA:70,3
DA:74,3
DA:75,1
DA:77,2
DA:82,21
DA:84,21
DA:85,19
DA:86,18
DA:87,17
DA:88,17
DA:92,26
DA:97,20
DA:98,3
DA:101,17
DA:108,17
DA:109,15
DA:114,1
LF:37
LH:37
BRDA:29,0,0,17
BRDA:52,1,0,2
BRDA:52,1,1,3
BRDA:67,2,0,1
BRDA:67,2,1,3
BRDA:74,3,0,1
BRDA:74,3,1,2
BRDA:84,4,0,2
BRDA:84,4,1,19
BRDA:84,5,0,21
BRDA:84,5,1,21
BRDA:85,6,0,1
BRDA:85,6,1,18
BRDA:85,7,0,19
BRDA:85,7,1,18
BRDA:86,8,0,1
BRDA:86,8,1,17
BRDA:86,9,0,18
BRDA:86,9,1,17
BRDA:87,10,0,0
BRDA:87,10,1,17
BRDA:87,11,0,17
BRDA:87,11,1,17
BRDA:88,12,0,0
BRDA:88,12,1,17
BRDA:88,13,0,17
BRDA:88,13,1,17
BRDA:92,14,0,26
BRDA:92,14,1,22
BRDA:97,15,0,3
BRDA:97,15,1,17
BRF:31
BRH:29
end_of_record
TN:
SF:backend\domain\entities\Location.ts
FN:29,(anonymous_0)
FN:38,(anonymous_1)
FN:39,(anonymous_2)
FN:40,(anonymous_3)
FN:41,(anonymous_4)
FN:44,(anonymous_5)
FN:59,(anonymous_6)
FN:70,(anonymous_7)
FN:71,(anonymous_8)
FN:82,(anonymous_9)
FN:86,(anonymous_10)
FN:96,(anonymous_11)
FN:101,(anonymous_12)
FNF:13
FNH:13
FNDA:10,(anonymous_0)
FNDA:1,(anonymous_1)
FNDA:1,(anonymous_2)
FNDA:2,(anonymous_3)
FNDA:2,(anonymous_4)
FNDA:24,(anonymous_5)
FNDA:4,(anonymous_6)
FNDA:7,(anonymous_7)
FNDA:8,(anonymous_8)
FNDA:96,(anonymous_9)
FNDA:10,(anonymous_10)
FNDA:10,(anonymous_11)
FNDA:3,(anonymous_12)
DA:23,3
DA:30,10
DA:31,5
DA:32,5
DA:33,5
DA:34,5
DA:38,1
DA:39,1
DA:40,2
DA:41,2
DA:45,24
DA:46,24
DA:47,24
DA:49,24
DA:53,24
DA:55,24
DA:60,4
DA:66,4
DA:71,7
DA:72,8
DA:78,8
DA:83,96
DA:87,10
DA:88,3
DA:90,7
DA:91,2
DA:97,10
DA:102,3
LF:28
LH:28
BRDA:29,0,0,7
BRDA:29,1,0,10
BRDA:59,2,0,2
BRDA:70,3,0,3
BRDA:87,4,0,3
BRDA:87,4,1,7
BRDA:87,5,0,10
BRDA:87,5,1,9
BRDA:90,6,0,2
BRDA:90,6,1,5
BRDA:90,7,0,7
BRDA:90,7,1,6
BRF:12
BRH:12
end_of_record
TN:
SF:backend\domain\entities\User.ts
FN:29,(anonymous_0)
FN:48,(anonymous_1)
FN:49,(anonymous_2)
FN:50,(anonymous_3)
FN:51,(anonymous_4)
FN:52,(anonymous_5)
FN:53,(anonymous_6)
FN:54,(anonymous_7)
FN:57,(anonymous_8)
FN:64,(anonymous_9)
FN:68,(anonymous_10)
FN:73,(anonymous_11)
FN:78,(anonymous_12)
FN:83,(anonymous_13)
FN:99,(anonymous_14)
FNF:15
FNH:15
FNDA:8,(anonymous_0)
FNDA:2,(anonymous_1)
FNDA:2,(anonymous_2)
FNDA:2,(anonymous_3)
FNDA:3,(anonymous_4)
FNDA:3,(anonymous_5)
FNDA:3,(anonymous_6)
FNDA:1,(anonymous_7)
FNDA:4,(anonymous_8)
FNDA:3,(anonymous_9)
FNDA:2,(anonymous_10)
FNDA:25,(anonymous_11)
FNDA:26,(anonymous_12)
FNDA:14,(anonymous_13)
FNDA:1,(anonymous_14)
DA:20,2
DA:38,8
DA:39,8
DA:40,8
DA:41,8
DA:42,8
DA:43,8
DA:44,8
DA:48,2
DA:49,2
DA:50,2
DA:51,3
DA:52,3
DA:53,3
DA:54,1
DA:58,4
DA:59,1
DA:61,3
DA:65,3
DA:69,2
DA:74,25
DA:75,25
DA:79,26
DA:84,14
DA:85,3
DA:87,11
DA:88,3
DA:91,8
DA:100,1
LF:29
LH:29
BRDA:33,0,0,8
BRDA:34,1,0,8
BRDA:35,2,0,8
BRDA:36,3,0,8
BRDA:58,4,0,1
BRDA:58,4,1,3
BRDA:79,5,0,26
BRDA:79,5,1,21
BRDA:84,6,0,3
BRDA:84,6,1,11
BRDA:87,7,0,3
BRDA:87,7,1,8
BRF:12
BRH:12
end_of_record
TN:
SF:backend\domain\entities\index.ts
FNF:0
FNH:0
DA:1,0
DA:2,0
DA:3,0
DA:4,0
DA:5,0
LF:5
LH:0
BRF:0
BRH:0
end_of_record
TN:
SF:backend\domain\repositories\index.ts
FNF:0
FNH:0
DA:1,0
DA:2,0
DA:3,0
DA:4,0
LF:4
LH:0
BRF:0
BRH:0
end_of_record
TN:
SF:backend\domain\services\AuthService.ts
FN:13,(anonymous_0)
FN:17,(anonymous_1)
FN:65,(anonymous_2)
FN:97,(anonymous_3)
FN:112,(anonymous_4)
FN:123,(anonymous_5)
FNF:6
FNH:6
FNDA:14,(anonymous_0)
FNDA:6,(anonymous_1)
FNDA:4,(anonymous_2)
FNDA:2,(anonymous_3)
FNDA:2,(anonymous_4)
FNDA:1,(anonymous_5)
DA:1,1
DA:10,1
DA:14,14
DA:18,6
DA:20,6
DA:21,1
DA:27,5
DA:28,1
DA:34,4
DA:35,1
DA:42,3
DA:43,3
DA:44,1
DA:51,2
DA:53,1
DA:58,1
DA:66,4
DA:68,4
DA:69,1
DA:75,3
DA:76,1
DA:83,2
DA:85,1
DA:90,1
DA:98,2
DA:99,2
DA:101,1
DA:105,1
DA:113,2
DA:116,2
DA:118,0
DA:119,0
DA:124,1
DA:125,1
DA:126,1
DA:128,0
LF:36
LH:33
BRDA:20,0,0,1
BRDA:20,0,1,5
BRDA:27,1,0,1
BRDA:27,1,1,4
BRDA:34,2,0,1
BRDA:34,2,1,3
BRDA:43,3,0,1
BRDA:43,3,1,2
BRDA:60,4,0,1
BRDA:60,4,1,0
BRDA:68,5,0,1
BRDA:68,5,1,3
BRDA:75,6,0,1
BRDA:75,6,1,2
BRDA:92,7,0,1
BRDA:92,7,1,0
BRDA:107,8,0,1
BRDA:107,8,1,0
BRF:18
BRH:15
end_of_record
TN:
SF:backend\domain\services\BattleService.ts
FN:30,(anonymous_0)
FN:42,(anonymous_1)
FN:109,(anonymous_2)
FN:146,(anonymous_3)
FN:266,(anonymous_4)
FN:289,(anonymous_5)
FN:305,(anonymous_6)
FN:321,(anonymous_7)
FN:337,(anonymous_8)
FN:377,(anonymous_9)
FN:434,(anonymous_10)
FN:486,(anonymous_11)
FNF:12
FNH:0
FNDA:0,(anonymous_0)
FNDA:0,(anonymous_1)
FNDA:0,(anonymous_2)
FNDA:0,(anonymous_3)
FNDA:0,(anonymous_4)
FNDA:0,(anonymous_5)
FNDA:0,(anonymous_6)
FNDA:0,(anonymous_7)
FNDA:0,(anonymous_8)
FNDA:0,(anonymous_9)
FNDA:0,(anonymous_10)
FNDA:0,(anonymous_11)
DA:1,0
DA:2,0
DA:24,0
DA:36,0
DA:37,0
DA:38,0
DA:39,0
DA:43,0
DA:45,0
DA:46,0
DA:53,0
DA:54,0
DA:56,0
DA:57,0
DA:63,0
DA:64,0
DA:71,0
DA:72,0
DA:74,0
DA:75,0
DA:81,0
DA:82,0
DA:89,0
DA:90,0
DA:93,0
DA:94,0
DA:97,0
DA:102,0
DA:110,0
DA:111,0
DA:113,0
DA:114,0
DA:120,0
DA:121,0
DA:127,0
DA:130,0
DA:131,0
DA:134,0
DA:139,0
DA:147,0
DA:148,0
DA:150,0
DA:151,0
DA:157,0
DA:158,0
DA:164,0
DA:165,0
DA:172,0
DA:176,0
DA:177,0
DA:184,0
DA:185,0
DA:188,0
DA:192,0
DA:194,0
DA:195,0
DA:197,0
DA:207,0
DA:208,0
DA:211,0
DA:212,0
DA:221,0
DA:222,0
DA:224,0
DA:234,0
DA:235,0
DA:238,0
DA:239,0
DA:249,0
DA:250,0
DA:253,0
DA:259,0
DA:267,0
DA:268,0
DA:270,0
DA:271,0
DA:277,0
DA:282,0
DA:290,0
DA:291,0
DA:293,0
DA:298,0
DA:306,0
DA:307,0
DA:309,0
DA:314,0
DA:322,0
DA:323,0
DA:325,0
DA:330,0
DA:338,0
DA:339,0
DA:341,0
DA:342,0
DA:349,0
DA:350,0
DA:356,0
DA:357,0
DA:363,0
DA:365,0
DA:370,0
DA:378,0
DA:379,0
DA:381,0
DA:382,0
DA:388,0
DA:389,0
DA:395,0
DA:396,0
DA:403,0
DA:404,0
DA:405,0
DA:412,0
DA:422,0
DA:427,0
DA:435,0
DA:436,0
DA:438,0
DA:439,0
DA:445,0
DA:446,0
DA:452,0
DA:453,0
DA:460,0
DA:464,0
DA:465,0
DA:472,0
DA:474,0
DA:479,0
DA:487,0
DA:488,0
DA:490,0
DA:491,0
DA:497,0
DA:498,0
DA:504,0
DA:505,0
DA:512,0
DA:516,0
DA:517,0
DA:524,0
DA:525,0
DA:526,0
DA:533,0
DA:534,0
DA:537,0
DA:538,0
DA:542,0
DA:543,0
DA:552,0
DA:555,0
DA:556,0
DA:558,0
DA:559,0
DA:563,0
DA:564,0
DA:565,0
DA:567,0
DA:580,0
DA:582,0
DA:583,0
DA:585,0
DA:587,0
DA:588,0
DA:590,0
DA:600,0
DA:601,0
DA:605,0
DA:606,0
DA:608,0
DA:618,0
DA:619,0
DA:624,0
DA:625,0
DA:627,0
DA:633,0
DA:634,0
DA:637,0
DA:643,0
LF:179
LH:0
BRDA:45,0,0,0
BRDA:45,0,1,0
BRDA:56,1,0,0
BRDA:56,1,1,0
BRDA:63,2,0,0
BRDA:63,2,1,0
BRDA:74,3,0,0
BRDA:74,3,1,0
BRDA:81,4,0,0
BRDA:81,4,1,0
BRDA:93,5,0,0
BRDA:93,5,1,0
BRDA:104,6,0,0
BRDA:104,6,1,0
BRDA:113,7,0,0
BRDA:113,7,1,0
BRDA:120,8,0,0
BRDA:120,8,1,0
BRDA:130,9,0,0
BRDA:130,9,1,0
BRDA:141,10,0,0
BRDA:141,10,1,0
BRDA:150,11,0,0
BRDA:150,11,1,0
BRDA:157,12,0,0
BRDA:157,12,1,0
BRDA:164,13,0,0
BRDA:164,13,1,0
BRDA:172,14,0,0
BRDA:172,14,1,0
BRDA:176,15,0,0
BRDA:176,15,1,0
BRDA:192,16,0,0
BRDA:192,16,1,0
BRDA:203,17,0,0
BRDA:203,17,1,0
BRDA:207,18,0,0
BRDA:207,18,1,0
BRDA:211,19,0,0
BRDA:211,19,1,0
BRDA:211,20,0,0
BRDA:211,20,1,0
BRDA:230,21,0,0
BRDA:230,21,1,0
BRDA:234,22,0,0
BRDA:234,22,1,0
BRDA:238,23,0,0
BRDA:238,23,1,0
BRDA:238,24,0,0
BRDA:238,24,1,0
BRDA:249,25,0,0
BRDA:249,25,1,0
BRDA:261,26,0,0
BRDA:261,26,1,0
BRDA:270,27,0,0
BRDA:270,27,1,0
BRDA:284,28,0,0
BRDA:284,28,1,0
BRDA:300,29,0,0
BRDA:300,29,1,0
BRDA:316,30,0,0
BRDA:316,30,1,0
BRDA:332,31,0,0
BRDA:332,31,1,0
BRDA:341,32,0,0
BRDA:341,32,1,0
BRDA:349,33,0,0
BRDA:349,33,1,0
BRDA:349,34,0,0
BRDA:349,34,1,0
BRDA:356,35,0,0
BRDA:356,35,1,0
BRDA:372,36,0,0
BRDA:372,36,1,0
BRDA:381,37,0,0
BRDA:381,37,1,0
BRDA:388,38,0,0
BRDA:388,38,1,0
BRDA:395,39,0,0
BRDA:395,39,1,0
BRDA:404,40,0,0
BRDA:404,40,1,0
BRDA:429,41,0,0
BRDA:429,41,1,0
BRDA:438,42,0,0
BRDA:438,42,1,0
BRDA:445,43,0,0
BRDA:445,43,1,0
BRDA:452,44,0,0
BRDA:452,44,1,0
BRDA:460,45,0,0
BRDA:460,45,1,0
BRDA:464,46,0,0
BRDA:464,46,1,0
BRDA:481,47,0,0
BRDA:481,47,1,0
BRDA:490,48,0,0
BRDA:490,48,1,0
BRDA:497,49,0,0
BRDA:497,49,1,0
BRDA:504,50,0,0
BRDA:504,50,1,0
BRDA:512,51,0,0
BRDA:512,51,1,0
BRDA:516,52,0,0
BRDA:516,52,1,0
BRDA:525,53,0,0
BRDA:525,53,1,0
BRDA:542,54,0,0
BRDA:542,54,1,0
BRDA:558,55,0,0
BRDA:558,55,1,0
BRDA:573,56,0,0
BRDA:573,56,1,0
BRDA:582,57,0,0
BRDA:582,57,1,0
BRDA:582,58,0,0
BRDA:582,58,1,0
BRDA:585,59,0,0
BRDA:585,59,1,0
BRDA:596,60,0,0
BRDA:596,60,1,0
BRDA:600,61,0,0
BRDA:600,61,1,0
BRDA:614,62,0,0
BRDA:614,62,1,0
BRDA:618,63,0,0
BRDA:618,63,1,0
BRDA:625,64,0,0
BRDA:625,64,1,0
BRDA:633,65,0,0
BRDA:633,65,1,0
BRDA:645,66,0,0
BRDA:645,66,1,0
BRF:134
BRH:0
end_of_record
TN:
SF:backend\domain\services\CharacterService.ts
FN:14,(anonymous_0)
FN:18,(anonymous_1)
FN:61,(anonymous_2)
FN:84,(anonymous_3)
FN:138,(anonymous_4)
FN:178,(anonymous_5)
FN:201,(anonymous_6)
FN:217,(anonymous_7)
FN:241,(anonymous_8)
FNF:9
FNH:0
FNDA:0,(anonymous_0)
FNDA:0,(anonymous_1)
FNDA:0,(anonymous_2)
FNDA:0,(anonymous_3)
FNDA:0,(anonymous_4)
FNDA:0,(anonymous_5)
FNDA:0,(anonymous_6)
FNDA:0,(anonymous_7)
FNDA:0,(anonymous_8)
DA:1,0
DA:11,0
DA:15,0
DA:19,0
DA:21,0
DA:22,0
DA:29,0
DA:30,0
DA:31,0
DA:38,0
DA:39,0
DA:46,0
DA:47,0
DA:49,0
DA:54,0
DA:62,0
DA:63,0
DA:65,0
DA:66,0
DA:72,0
DA:77,0
DA:85,0
DA:87,0
DA:89,0
DA:90,0
DA:91,0
DA:93,0
DA:96,0
DA:97,0
DA:98,0
DA:100,0
DA:103,0
DA:104,0
DA:105,0
DA:107,0
DA:110,0
DA:111,0
DA:112,0
DA:114,0
DA:117,0
DA:118,0
DA:119,0
DA:121,0
DA:124,0
DA:126,0
DA:131,0
DA:139,0
DA:141,0
DA:142,0
DA:149,0
DA:150,0
DA:151,0
DA:157,0
DA:158,0
DA:164,0
DA:166,0
DA:171,0
DA:179,0
DA:180,0
DA:181,0
DA:187,0
DA:189,0
DA:194,0
DA:202,0
DA:203,0
DA:205,0
DA:210,0
DA:218,0
DA:220,0
DA:221,0
DA:222,0
DA:228,0
DA:230,0
DA:234,0
DA:242,0
DA:243,0
DA:244,0
DA:250,0
DA:252,0
DA:257,0
LF:80
LH:0
BRDA:21,0,0,0
BRDA:21,0,1,0
BRDA:30,1,0,0
BRDA:30,1,1,0
BRDA:38,2,0,0
BRDA:38,2,1,0
BRDA:38,3,0,0
BRDA:38,3,1,0
BRDA:56,4,0,0
BRDA:56,4,1,0
BRDA:65,5,0,0
BRDA:65,5,1,0
BRDA:79,6,0,0
BRDA:79,6,1,0
BRDA:89,7,0,0
BRDA:89,7,1,0
BRDA:90,8,0,0
BRDA:90,8,1,0
BRDA:90,9,0,0
BRDA:90,9,1,0
BRDA:96,10,0,0
BRDA:96,10,1,0
BRDA:97,11,0,0
BRDA:97,11,1,0
BRDA:97,12,0,0
BRDA:97,12,1,0
BRDA:103,13,0,0
BRDA:103,13,1,0
BRDA:104,14,0,0
BRDA:104,14,1,0
BRDA:104,15,0,0
BRDA:104,15,1,0
BRDA:110,16,0,0
BRDA:110,16,1,0
BRDA:111,17,0,0
BRDA:111,17,1,0
BRDA:111,18,0,0
BRDA:111,18,1,0
BRDA:117,19,0,0
BRDA:117,19,1,0
BRDA:118,20,0,0
BRDA:118,20,1,0
BRDA:118,21,0,0
BRDA:118,21,1,0
BRDA:133,22,0,0
BRDA:133,22,1,0
BRDA:141,23,0,0
BRDA:141,23,1,0
BRDA:141,24,0,0
BRDA:141,24,1,0
BRDA:150,25,0,0
BRDA:150,25,1,0
BRDA:157,26,0,0
BRDA:157,26,1,0
BRDA:173,27,0,0
BRDA:173,27,1,0
BRDA:180,28,0,0
BRDA:180,28,1,0
BRDA:180,29,0,0
BRDA:180,29,1,0
BRDA:196,30,0,0
BRDA:196,30,1,0
BRDA:212,31,0,0
BRDA:212,31,1,0
BRDA:221,32,0,0
BRDA:221,32,1,0
BRDA:236,33,0,0
BRDA:236,33,1,0
BRDA:243,34,0,0
BRDA:243,34,1,0
BRDA:243,35,0,0
BRDA:243,35,1,0
BRDA:243,35,2,0
BRDA:259,36,0,0
BRDA:259,36,1,0
BRF:75
BRH:0
end_of_record
TN:
SF:backend\domain\services\LocationService.ts
FN:17,(anonymous_0)
FN:21,(anonymous_1)
FN:51,(anonymous_2)
FN:99,(anonymous_3)
FN:122,(anonymous_4)
FN:138,(anonymous_5)
FN:160,(anonymous_6)
FN:176,(anonymous_7)
FN:182,(anonymous_8)
FNF:9
FNH:9
FNDA:14,(anonymous_0)
FNDA:3,(anonymous_1)
FNDA:4,(anonymous_2)
FNDA:2,(anonymous_3)
FNDA:1,(anonymous_4)
FNDA:2,(anonymous_5)
FNDA:1,(anonymous_6)
FNDA:1,(anonymous_7)
FNDA:1,(anonymous_8)
DA:1,1
DA:14,1
DA:18,14
DA:22,3
DA:24,3
DA:25,2
DA:28,2
DA:31,2
DA:34,2
DA:37,2
DA:39,2
DA:44,1
DA:52,4
DA:54,4
DA:56,4
DA:57,1
DA:64,3
DA:66,3
DA:67,1
DA:75,2
DA:78,2
DA:79,2
DA:80,4
DA:81,4
DA:82,3
DA:86,2
DA:92,0
DA:100,2
DA:101,2
DA:103,2
DA:104,1
DA:110,1
DA:115,0
DA:123,1
DA:124,1
DA:126,1
DA:131,0
DA:139,2
DA:140,2
DA:146,2
DA:148,2
DA:153,0
DA:161,1
DA:162,1
DA:163,1
DA:165,1
DA:169,0
DA:177,1
DA:178,1
DA:180,1
DA:182,1
DA:190,0
LF:52
LH:46
BRDA:46,0,0,1
BRDA:46,0,1,0
BRDA:51,1,0,0
BRDA:56,2,0,1
BRDA:56,2,1,3
BRDA:66,3,0,1
BRDA:66,3,1,2
BRDA:81,4,0,3
BRDA:81,4,1,1
BRDA:94,5,0,0
BRDA:94,5,1,0
BRDA:103,6,0,1
BRDA:103,6,1,1
BRDA:117,7,0,0
BRDA:117,7,1,0
BRDA:133,8,0,0
BRDA:133,8,1,0
BRDA:150,9,0,1
BRDA:150,9,1,1
BRDA:155,10,0,0
BRDA:155,10,1,0
BRDA:171,11,0,0
BRDA:171,11,1,0
BRDA:176,12,0,0
BRDA:192,13,0,0
BRDA:192,13,1,0
BRF:26
BRH:11
end_of_record
TN:
SF:backend\domain\services\MatchmakingService.ts
FN:32,(anonymous_0)
FN:38,(anonymous_1)
FN:78,(anonymous_2)
FN:89,(anonymous_3)
FN:99,(anonymous_4)
FN:127,(anonymous_5)
FN:143,(anonymous_6)
FN:217,(anonymous_7)
FN:220,(anonymous_8)
FN:238,(anonymous_9)
FN:279,(anonymous_10)
FN:288,(anonymous_11)
FNF:12
FNH:10
FNDA:16,(anonymous_0)
FNDA:5,(anonymous_1)
FNDA:10,(anonymous_2)
FNDA:11,(anonymous_3)
FNDA:1,(anonymous_4)
FNDA:0,(anonymous_5)
FNDA:4,(anonymous_6)
FNDA:2,(anonymous_7)
FNDA:1,(anonymous_8)
FNDA:2,(anonymous_9)
FNDA:0,(anonymous_10)
FNDA:2,(anonymous_11)
DA:26,1
DA:30,16
DA:33,16
DA:34,16
DA:35,16
DA:39,5
DA:41,5
DA:42,5
DA:43,1
DA:50,4
DA:51,4
DA:52,1
DA:59,3
DA:60,3
DA:63,4
DA:66,3
DA:71,0
DA:79,10
DA:81,10
DA:82,10
DA:83,0
DA:89,11
DA:90,10
DA:91,1
DA:98,9
DA:100,1
DA:105,9
DA:106,1
DA:113,8
DA:124,8
DA:127,8
DA:128,0
DA:131,8
DA:136,0
DA:144,4
DA:145,4
DA:147,4
DA:148,1
DA:154,3
DA:155,0
DA:161,3
DA:162,0
DA:163,0
DA:170,3
DA:171,3
DA:173,3
DA:175,2
DA:182,2
DA:184,2
DA:187,2
DA:189,2
DA:195,0
DA:202,1
DA:204,1
DA:210,0
DA:218,2
DA:219,2
DA:221,1
DA:226,2
DA:231,0
DA:239,2
DA:240,2
DA:242,2
DA:243,0
DA:250,2
DA:251,1
DA:257,1
DA:258,0
DA:265,1
DA:267,1
DA:272,0
DA:280,0
DA:281,0
DA:282,0
DA:283,0
DA:289,2
DA:290,2
DA:292,2
DA:293,1
DA:301,1
DA:306,0
LF:81
LH:63
BRDA:38,0,0,2
BRDA:42,1,0,1
BRDA:42,1,1,4
BRDA:42,2,0,5
BRDA:42,2,1,4
BRDA:51,3,0,1
BRDA:51,3,1,3
BRDA:51,4,0,4
BRDA:51,4,1,3
BRDA:54,5,0,1
BRDA:54,5,1,1
BRDA:73,6,0,0
BRDA:73,6,1,0
BRDA:82,7,0,0
BRDA:82,7,1,10
BRDA:82,8,0,10
BRDA:82,8,1,10
BRDA:90,9,0,1
BRDA:90,9,1,9
BRDA:100,10,0,1
BRDA:100,10,1,0
BRDA:100,10,2,0
BRDA:100,10,3,0
BRDA:100,10,4,1
BRDA:105,11,0,1
BRDA:105,11,1,8
BRDA:138,12,0,0
BRDA:138,12,1,0
BRDA:147,13,0,1
BRDA:147,13,1,3
BRDA:154,14,0,0
BRDA:154,14,1,3
BRDA:161,15,0,0
BRDA:161,15,1,3
BRDA:173,16,0,2
BRDA:173,16,1,1
BRDA:182,17,0,2
BRDA:182,17,1,0
BRDA:182,18,0,2
BRDA:182,18,1,2
BRDA:197,19,0,0
BRDA:197,19,1,0
BRDA:212,20,0,0
BRDA:212,20,1,0
BRDA:221,21,0,1
BRDA:221,21,1,1
BRDA:221,21,2,1
BRDA:221,21,3,1
BRDA:233,22,0,0
BRDA:233,22,1,0
BRDA:242,23,0,0
BRDA:242,23,1,2
BRDA:250,24,0,1
BRDA:250,24,1,1
BRDA:257,25,0,0
BRDA:257,25,1,1
BRDA:274,26,0,0
BRDA:274,26,1,0
BRDA:281,27,0,0
BRDA:281,27,1,0
BRDA:281,28,0,0
BRDA:281,28,1,0
BRDA:292,29,0,1
BRDA:292,29,1,1
BRDA:292,30,0,2
BRDA:292,30,1,2
BRDA:292,30,2,2
BRDA:308,31,0,0
BRDA:308,31,1,0
BRF:69
BRH:42
end_of_record
TN:
SF:backend\domain\services\RankingService.ts
FN:26,(anonymous_0)
FN:31,(anonymous_1)
FN:72,(anonymous_2)
FN:96,(anonymous_3)
FN:112,(anonymous_4)
FN:145,(anonymous_5)
FN:173,(anonymous_6)
FN:192,(anonymous_7)
FN:221,(anonymous_8)
FNF:9
FNH:8
FNDA:15,(anonymous_0)
FNDA:5,(anonymous_1)
FNDA:4,(anonymous_2)
FNDA:2,(anonymous_3)
FNDA:3,(anonymous_4)
FNDA:8,(anonymous_5)
FNDA:0,(anonymous_6)
FNDA:2,(anonymous_7)
FNDA:1,(anonymous_8)
DA:22,1
DA:27,15
DA:28,15
DA:32,5
DA:34,5
DA:35,5
DA:37,5
DA:38,1
DA:45,4
DA:46,4
DA:49,4
DA:50,4
DA:53,4
DA:54,4
DA:57,4
DA:59,4
DA:65,0
DA:74,4
DA:77,4
DA:78,1
DA:79,1
DA:80,1
DA:84,4
DA:85,1
DA:89,4
DA:90,1
DA:93,4
DA:97,2
DA:98,2
DA:100,2
DA:105,0
DA:113,3
DA:114,3
DA:116,3
DA:117,1
DA:124,2
DA:125,1
DA:126,1
DA:127,1
DA:133,1
DA:138,0
DA:146,8
DA:148,8
DA:151,8
DA:152,9
DA:153,9
DA:155,9
DA:157,9
DA:158,6
DA:162,8
DA:166,0
DA:174,0
DA:178,0
DA:180,0
DA:185,0
DA:193,2
DA:194,2
DA:195,2
DA:197,2
DA:198,1
DA:204,1
DA:213,0
DA:222,1
DA:224,1
DA:227,1
DA:228,2
DA:229,2
DA:231,2
DA:233,2
DA:234,2
DA:238,1
DA:240,1
DA:245,0
LF:73
LH:63
BRDA:37,0,0,1
BRDA:37,0,1,4
BRDA:37,1,0,5
BRDA:37,1,1,4
BRDA:67,2,0,0
BRDA:67,2,1,0
BRDA:77,3,0,1
BRDA:77,3,1,3
BRDA:84,4,0,1
BRDA:84,4,1,3
BRDA:89,5,0,1
BRDA:89,5,1,3
BRDA:96,6,0,1
BRDA:107,7,0,0
BRDA:107,7,1,0
BRDA:116,8,0,1
BRDA:116,8,1,2
BRDA:124,9,0,1
BRDA:124,9,1,1
BRDA:129,10,0,1
BRDA:129,10,1,0
BRDA:140,11,0,0
BRDA:140,11,1,0
BRDA:153,12,0,0
BRDA:153,12,1,9
BRDA:157,13,0,6
BRDA:157,13,1,3
BRDA:168,14,0,0
BRDA:168,14,1,0
BRDA:173,15,0,0
BRDA:187,16,0,0
BRDA:187,16,1,0
BRDA:197,17,0,1
BRDA:197,17,1,1
BRDA:215,18,0,0
BRDA:215,18,1,0
BRDA:229,19,0,0
BRDA:229,19,1,2
BRDA:247,20,0,0
BRDA:247,20,1,0
BRF:40
BRH:22
end_of_record
TN:
SF:backend\domain\services\RealtimeService.ts
FN:24,(anonymous_0)
FN:35,(anonymous_1)
FN:57,(anonymous_2)
FN:76,(anonymous_3)
FN:101,(anonymous_4)
FN:112,(anonymous_5)
FN:134,(anonymous_6)
FN:161,(anonymous_7)
FN:191,(anonymous_8)
FN:218,(anonymous_9)
FN:239,(anonymous_10)
FN:242,(anonymous_11)
FN:260,(anonymous_12)
FN:265,(anonymous_13)
FN:267,(anonymous_14)
FNF:15
FNH:0
FNDA:0,(anonymous_0)
FNDA:0,(anonymous_1)
FNDA:0,(anonymous_2)
FNDA:0,(anonymous_3)
FNDA:0,(anonymous_4)
FNDA:0,(anonymous_5)
FNDA:0,(anonymous_6)
FNDA:0,(anonymous_7)
FNDA:0,(anonymous_8)
FNDA:0,(anonymous_9)
FNDA:0,(anonymous_10)
FNDA:0,(anonymous_11)
FNDA:0,(anonymous_12)
FNDA:0,(anonymous_13)
FNDA:0,(anonymous_14)
DA:2,0
DA:20,0
DA:21,0
DA:25,0
DA:26,0
DA:29,0
DA:30,0
DA:33,0
DA:36,0
DA:37,0
DA:42,0
DA:44,0
DA:49,0
DA:58,0
DA:59,0
DA:62,0
DA:63,0
DA:66,0
DA:78,0
DA:80,0
DA:86,0
DA:88,0
DA:93,0
DA:102,0
DA:103,0
DA:106,0
DA:107,0
DA:110,0
DA:113,0
DA:114,0
DA:119,0
DA:121,0
DA:126,0
DA:135,0
DA:136,0
DA:138,0
DA:149,0
DA:153,0
DA:162,0
DA:164,0
DA:165,0
DA:167,0
DA:174,0
DA:179,0
DA:183,0
DA:192,0
DA:193,0
DA:195,0
DA:206,0
DA:210,0
DA:219,0
DA:220,0
DA:222,0
DA:223,0
DA:224,0
DA:227,0
DA:231,0
DA:240,0
DA:241,0
DA:242,0
DA:244,0
DA:245,0
DA:248,0
DA:252,0
DA:261,0
DA:266,0
DA:267,0
LF:67
LH:0
BRDA:29,0,0,0
BRDA:29,0,1,0
BRDA:36,1,0,0
BRDA:36,1,1,0
BRDA:51,2,0,0
BRDA:51,2,1,0
BRDA:62,3,0,0
BRDA:62,3,1,0
BRDA:78,4,0,0
BRDA:78,4,1,0
BRDA:95,5,0,0
BRDA:95,5,1,0
BRDA:106,6,0,0
BRDA:106,6,1,0
BRDA:113,7,0,0
BRDA:113,7,1,0
BRDA:128,8,0,0
BRDA:128,8,1,0
BRDA:155,9,0,0
BRDA:155,9,1,0
BRDA:185,10,0,0
BRDA:185,10,1,0
BRDA:212,11,0,0
BRDA:212,11,1,0
BRDA:222,12,0,0
BRDA:222,12,1,0
BRDA:233,13,0,0
BRDA:233,13,1,0
BRDA:254,14,0,0
BRDA:254,14,1,0
BRF:30
BRH:0
end_of_record
TN:
SF:backend\domain\services\index.ts
FNF:0
FNH:0
DA:1,0
DA:2,0
DA:3,0
DA:4,0
DA:5,0
DA:6,0
DA:7,0
LF:7
LH:0
BRF:0
BRH:0
end_of_record
TN:
SF:backend\infra\gateways\InMemoryLocationGateway.ts
FN:9,(anonymous_0)
FN:20,(anonymous_1)
FN:24,(anonymous_2)
FN:28,(anonymous_3)
FN:49,(anonymous_4)
FN:59,(anonymous_5)
FN:62,(anonymous_6)
FN:74,(anonymous_7)
FN:79,(anonymous_8)
FN:83,(anonymous_9)
FN:104,(anonymous_10)
FN:108,(anonymous_11)
FN:110,(anonymous_12)
FN:113,(anonymous_13)
FN:124,(anonymous_14)
FN:139,(anonymous_15)
FN:144,(anonymous_16)
FN:149,(anonymous_17)
FNF:18
FNH:18
FNDA:22,(anonymous_0)
FNDA:4,(anonymous_1)
FNDA:1,(anonymous_2)
FNDA:3,(anonymous_3)
FNDA:2,(anonymous_4)
FNDA:2,(anonymous_5)
FNDA:3,(anonymous_6)
FNDA:4,(anonymous_7)
FNDA:3,(anonymous_8)
FNDA:2,(anonymous_9)
FNDA:2,(anonymous_10)
FNDA:2,(anonymous_11)
FNDA:4,(anonymous_12)
FNDA:3,(anonymous_13)
FNDA:2,(anonymous_14)
FNDA:5,(anonymous_15)
FNDA:3,(anonymous_16)
FNDA:1,(anonymous_17)
DA:1,1
DA:4,1
DA:5,22
DA:6,22
DA:7,22
DA:10,22
DA:17,22
DA:21,4
DA:25,1
DA:29,3
DA:31,3
DA:32,9
DA:34,8
DA:41,8
DA:42,5
DA:46,3
DA:50,2
DA:52,2
DA:53,1
DA:56,1
DA:59,2
DA:63,3
DA:64,3
DA:67,3
DA:68,0
DA:71,3
DA:75,4
DA:76,4
DA:80,3
DA:84,2
DA:85,2
DA:87,2
DA:88,1
DA:95,1
DA:96,1
DA:97,1
DA:101,2
DA:105,2
DA:109,2
DA:110,4
DA:114,3
DA:116,3
DA:117,2
DA:118,2
DA:119,2
DA:125,2
DA:136,2
DA:140,5
DA:145,3
DA:150,1
DA:151,1
DA:152,1
LF:52
LH:51
BRDA:21,0,0,4
BRDA:21,0,1,2
BRDA:32,1,0,1
BRDA:32,1,1,8
BRDA:41,2,0,5
BRDA:41,2,1,3
BRDA:52,3,0,1
BRDA:52,3,1,1
BRDA:63,4,0,3
BRDA:63,4,1,2
BRDA:67,5,0,0
BRDA:67,5,1,3
BRDA:74,6,0,2
BRDA:75,7,0,4
BRDA:75,7,1,3
BRDA:95,8,0,1
BRDA:95,8,1,0
BRDA:116,9,0,2
BRDA:116,9,1,1
BRF:19
BRH:17
end_of_record
TN:
SF:backend\infra\gateways\SupabaseBattleGateway.ts
FN:9,(anonymous_0)
FN:13,(anonymous_1)
FN:34,(anonymous_2)
FN:54,(anonymous_3)
FN:75,(anonymous_4)
FN:90,(anonymous_5)
FN:112,(anonymous_6)
FN:143,(anonymous_7)
FN:165,(anonymous_8)
FN:177,(anonymous_9)
FN:183,(anonymous_10)
FN:196,(anonymous_11)
FN:202,(anonymous_12)
FN:215,(anonymous_13)
FN:221,(anonymous_14)
FN:233,(anonymous_15)
FN:239,(anonymous_16)
FN:243,(anonymous_17)
FN:247,(anonymous_18)
FN:260,(anonymous_19)
FN:266,(anonymous_20)
FN:286,(anonymous_21)
FN:291,(anonymous_22)
FN:293,(anonymous_23)
FN:308,(anonymous_24)
FN:328,(anonymous_25)
FN:334,(anonymous_26)
FN:346,(anonymous_27)
FNF:28
FNH:0
FNDA:0,(anonymous_0)
FNDA:0,(anonymous_1)
FNDA:0,(anonymous_2)
FNDA:0,(anonymous_3)
FNDA:0,(anonymous_4)
FNDA:0,(anonymous_5)
FNDA:0,(anonymous_6)
FNDA:0,(anonymous_7)
FNDA:0,(anonymous_8)
FNDA:0,(anonymous_9)
FNDA:0,(anonymous_10)
FNDA:0,(anonymous_11)
FNDA:0,(anonymous_12)
FNDA:0,(anonymous_13)
FNDA:0,(anonymous_14)
FNDA:0,(anonymous_15)
FNDA:0,(anonymous_16)
FNDA:0,(anonymous_17)
FNDA:0,(anonymous_18)
FNDA:0,(anonymous_19)
FNDA:0,(anonymous_20)
FNDA:0,(anonymous_21)
FNDA:0,(anonymous_22)
FNDA:0,(anonymous_23)
FNDA:0,(anonymous_24)
FNDA:0,(anonymous_25)
FNDA:0,(anonymous_26)
FNDA:0,(anonymous_27)
DA:3,0
DA:4,0
DA:6,0
DA:10,0
DA:14,0
DA:15,0
DA:21,0
DA:22,0
DA:23,0
DA:25,0
DA:28,0
DA:30,0
DA:35,0
DA:36,0
DA:38,0
DA:44,0
DA:45,0
DA:48,0
DA:50,0
DA:55,0
DA:56,0
DA:58,0
DA:65,0
DA:66,0
DA:69,0
DA:71,0
DA:76,0
DA:77,0
DA:82,0
DA:83,0
DA:86,0
DA:91,0
DA:92,0
DA:102,0
DA:103,0
DA:106,0
DA:108,0
DA:113,0
DA:114,0
DA:115,0
DA:116,0
DA:119,0
DA:121,0
DA:133,0
DA:134,0
DA:137,0
DA:139,0
DA:144,0
DA:145,0
DA:155,0
DA:156,0
DA:159,0
DA:161,0
DA:166,0
DA:167,0
DA:173,0
DA:174,0
DA:177,0
DA:179,0
DA:184,0
DA:185,0
DA:192,0
DA:193,0
DA:196,0
DA:198,0
DA:203,0
DA:204,0
DA:211,0
DA:212,0
DA:215,0
DA:217,0
DA:222,0
DA:223,0
DA:229,0
DA:230,0
DA:233,0
DA:235,0
DA:240,0
DA:244,0
DA:248,0
DA:249,0
DA:256,0
DA:257,0
DA:260,0
DA:262,0
DA:273,0
DA:275,0
DA:281,0
DA:282,0
DA:285,0
DA:286,0
DA:287,0
DA:288,0
DA:291,0
DA:292,0
DA:293,0
DA:296,0
DA:304,0
DA:309,0
DA:312,0
DA:320,0
DA:321,0
DA:325,0
DA:328,0
DA:330,0
DA:335,0
DA:336,0
DA:342,0
DA:343,0
DA:346,0
DA:348,0
LF:111
LH:0
BRDA:21,0,0,0
BRDA:21,0,1,0
BRDA:22,1,0,0
BRDA:22,1,1,0
BRDA:30,2,0,0
BRDA:30,2,1,0
BRDA:44,3,0,0
BRDA:44,3,1,0
BRDA:50,4,0,0
BRDA:50,4,1,0
BRDA:65,5,0,0
BRDA:65,5,1,0
BRDA:71,6,0,0
BRDA:71,6,1,0
BRDA:82,7,0,0
BRDA:82,7,1,0
BRDA:86,8,0,0
BRDA:86,8,1,0
BRDA:102,9,0,0
BRDA:102,9,1,0
BRDA:108,10,0,0
BRDA:108,10,1,0
BRDA:115,11,0,0
BRDA:115,11,1,0
BRDA:133,12,0,0
BRDA:133,12,1,0
BRDA:139,13,0,0
BRDA:139,13,1,0
BRDA:155,14,0,0
BRDA:155,14,1,0
BRDA:161,15,0,0
BRDA:161,15,1,0
BRDA:173,16,0,0
BRDA:173,16,1,0
BRDA:179,17,0,0
BRDA:179,17,1,0
BRDA:192,18,0,0
BRDA:192,18,1,0
BRDA:198,19,0,0
BRDA:198,19,1,0
BRDA:211,20,0,0
BRDA:211,20,1,0
BRDA:217,21,0,0
BRDA:217,21,1,0
BRDA:229,22,0,0
BRDA:229,22,1,0
BRDA:235,23,0,0
BRDA:235,23,1,0
BRDA:247,24,0,0
BRDA:256,25,0,0
BRDA:256,25,1,0
BRDA:262,26,0,0
BRDA:262,26,1,0
BRDA:281,27,0,0
BRDA:281,27,1,0
BRDA:288,28,0,0
BRDA:288,28,1,0
BRDA:292,29,0,0
BRDA:292,29,1,0
BRDA:293,30,0,0
BRDA:293,30,1,0
BRDA:304,31,0,0
BRDA:304,31,1,0
BRDA:320,32,0,0
BRDA:320,32,1,0
BRDA:330,33,0,0
BRDA:330,33,1,0
BRDA:342,34,0,0
BRDA:342,34,1,0
BRDA:348,35,0,0
BRDA:348,35,1,0
BRF:71
BRH:0
end_of_record
TN:
SF:backend\infra\gateways\SupabaseCharacterGateway.ts
FN:9,(anonymous_0)
FN:13,(anonymous_1)
FN:34,(anonymous_2)
FN:55,(anonymous_3)
FN:75,(anonymous_4)
FN:96,(anonymous_5)
FN:111,(anonymous_6)
FN:122,(anonymous_7)
FN:128,(anonymous_8)
FN:140,(anonymous_9)
FN:146,(anonymous_10)
FN:159,(anonymous_11)
FN:165,(anonymous_12)
FN:176,(anonymous_13)
FN:182,(anonymous_14)
FN:193,(anonymous_15)
FN:199,(anonymous_16)
FN:210,(anonymous_17)
FN:216,(anonymous_18)
FN:242,(anonymous_19)
FNF:20
FNH:0
FNDA:0,(anonymous_0)
FNDA:0,(anonymous_1)
FNDA:0,(anonymous_2)
FNDA:0,(anonymous_3)
FNDA:0,(anonymous_4)
FNDA:0,(anonymous_5)
FNDA:0,(anonymous_6)
FNDA:0,(anonymous_7)
FNDA:0,(anonymous_8)
FNDA:0,(anonymous_9)
FNDA:0,(anonymous_10)
FNDA:0,(anonymous_11)
FNDA:0,(anonymous_12)
FNDA:0,(anonymous_13)
FNDA:0,(anonymous_14)
FNDA:0,(anonymous_15)
FNDA:0,(anonymous_16)
FNDA:0,(anonymous_17)
FNDA:0,(anonymous_18)
FNDA:0,(anonymous_19)
DA:3,0
DA:4,0
DA:6,0
DA:10,0
DA:14,0
DA:15,0
DA:21,0
DA:22,0
DA:23,0
DA:25,0
DA:28,0
DA:30,0
DA:35,0
DA:36,0
DA:42,0
DA:43,0
DA:44,0
DA:46,0
DA:49,0
DA:51,0
DA:56,0
DA:57,0
DA:59,0
DA:65,0
DA:66,0
DA:69,0
DA:71,0
DA:76,0
DA:77,0
DA:79,0
DA:86,0
DA:87,0
DA:90,0
DA:92,0
DA:97,0
DA:98,0
DA:103,0
DA:104,0
DA:107,0
DA:112,0
DA:113,0
DA:118,0
DA:119,0
DA:122,0
DA:124,0
DA:129,0
DA:130,0
DA:136,0
DA:137,0
DA:140,0
DA:142,0
DA:147,0
DA:149,0
DA:155,0
DA:156,0
DA:159,0
DA:161,0
DA:166,0
DA:167,0
DA:172,0
DA:173,0
DA:176,0
DA:178,0
DA:183,0
DA:184,0
DA:189,0
DA:190,0
DA:193,0
DA:195,0
DA:200,0
DA:201,0
DA:206,0
DA:207,0
DA:210,0
DA:212,0
DA:217,0
DA:218,0
DA:219,0
DA:220,0
DA:221,0
DA:222,0
DA:223,0
DA:225,0
DA:232,0
DA:233,0
DA:236,0
DA:238,0
DA:243,0
DA:244,0
DA:251,0
DA:252,0
DA:255,0
DA:257,0
LF:93
LH:0
BRDA:21,0,0,0
BRDA:21,0,1,0
BRDA:22,1,0,0
BRDA:22,1,1,0
BRDA:30,2,0,0
BRDA:30,2,1,0
BRDA:42,3,0,0
BRDA:42,3,1,0
BRDA:43,4,0,0
BRDA:43,4,1,0
BRDA:51,5,0,0
BRDA:51,5,1,0
BRDA:65,6,0,0
BRDA:65,6,1,0
BRDA:71,7,0,0
BRDA:71,7,1,0
BRDA:86,8,0,0
BRDA:86,8,1,0
BRDA:92,9,0,0
BRDA:92,9,1,0
BRDA:103,10,0,0
BRDA:103,10,1,0
BRDA:107,11,0,0
BRDA:107,11,1,0
BRDA:118,12,0,0
BRDA:118,12,1,0
BRDA:124,13,0,0
BRDA:124,13,1,0
BRDA:136,14,0,0
BRDA:136,14,1,0
BRDA:142,15,0,0
BRDA:142,15,1,0
BRDA:155,16,0,0
BRDA:155,16,1,0
BRDA:161,17,0,0
BRDA:161,17,1,0
BRDA:172,18,0,0
BRDA:172,18,1,0
BRDA:178,19,0,0
BRDA:178,19,1,0
BRDA:189,20,0,0
BRDA:189,20,1,0
BRDA:195,21,0,0
BRDA:195,21,1,0
BRDA:206,22,0,0
BRDA:206,22,1,0
BRDA:212,23,0,0
BRDA:212,23,1,0
BRDA:219,24,0,0
BRDA:219,24,1,0
BRDA:220,25,0,0
BRDA:220,25,1,0
BRDA:221,26,0,0
BRDA:221,26,1,0
BRDA:222,27,0,0
BRDA:222,27,1,0
BRDA:223,28,0,0
BRDA:223,28,1,0
BRDA:232,29,0,0
BRDA:232,29,1,0
BRDA:238,30,0,0
BRDA:238,30,1,0
BRDA:251,31,0,0
BRDA:251,31,1,0
BRDA:257,32,0,0
BRDA:257,32,1,0
BRF:66
BRH:0
end_of_record
TN:
SF:backend\infra\gateways\SupabaseUserGateway.ts
FN:9,(anonymous_0)
FN:13,(anonymous_1)
FN:57,(anonymous_2)
FN:89,(anonymous_3)
FN:100,(anonymous_4)
FN:121,(anonymous_5)
FN:142,(anonymous_6)
FN:161,(anonymous_7)
FN:176,(anonymous_8)
FN:195,(anonymous_9)
FN:214,(anonymous_10)
FN:233,(anonymous_11)
FN:245,(anonymous_12)
FN:251,(anonymous_13)
FN:262,(anonymous_14)
FNF:15
FNH:0
FNDA:0,(anonymous_0)
FNDA:0,(anonymous_1)
FNDA:0,(anonymous_2)
FNDA:0,(anonymous_3)
FNDA:0,(anonymous_4)
FNDA:0,(anonymous_5)
FNDA:0,(anonymous_6)
FNDA:0,(anonymous_7)
FNDA:0,(anonymous_8)
FNDA:0,(anonymous_9)
FNDA:0,(anonymous_10)
FNDA:0,(anonymous_11)
FNDA:0,(anonymous_12)
FNDA:0,(anonymous_13)
FNDA:0,(anonymous_14)
DA:1,0
DA:4,0
DA:6,0
DA:10,0
DA:14,0
DA:16,0
DA:26,0
DA:27,0
DA:30,0
DA:31,0
DA:35,0
DA:47,0
DA:48,0
DA:51,0
DA:53,0
DA:58,0
DA:59,0
DA:64,0
DA:65,0
DA:68,0
DA:69,0
DA:73,0
DA:79,0
DA:80,0
DA:83,0
DA:85,0
DA:90,0
DA:91,0
DA:92,0
DA:93,0
DA:96,0
DA:101,0
DA:102,0
DA:108,0
DA:109,0
DA:110,0
DA:112,0
DA:115,0
DA:117,0
DA:122,0
DA:123,0
DA:129,0
DA:130,0
DA:131,0
DA:133,0
DA:136,0
DA:138,0
DA:143,0
DA:144,0
DA:151,0
DA:152,0
DA:155,0
DA:157,0
DA:162,0
DA:163,0
DA:168,0
DA:169,0
DA:172,0
DA:177,0
DA:178,0
DA:185,0
DA:186,0
DA:189,0
DA:191,0
DA:196,0
DA:197,0
DA:204,0
DA:205,0
DA:208,0
DA:210,0
DA:215,0
DA:216,0
DA:223,0
DA:224,0
DA:227,0
DA:229,0
DA:234,0
DA:235,0
DA:241,0
DA:242,0
DA:245,0
DA:247,0
DA:252,0
DA:253,0
DA:258,0
DA:259,0
DA:262,0
DA:264,0
LF:88
LH:0
BRDA:26,0,0,0
BRDA:26,0,1,0
BRDA:30,1,0,0
BRDA:30,1,1,0
BRDA:47,2,0,0
BRDA:47,2,1,0
BRDA:53,3,0,0
BRDA:53,3,1,0
BRDA:64,4,0,0
BRDA:64,4,1,0
BRDA:68,5,0,0
BRDA:68,5,1,0
BRDA:79,6,0,0
BRDA:79,6,1,0
BRDA:85,7,0,0
BRDA:85,7,1,0
BRDA:92,8,0,0
BRDA:92,8,1,0
BRDA:96,9,0,0
BRDA:96,9,1,0
BRDA:108,10,0,0
BRDA:108,10,1,0
BRDA:109,11,0,0
BRDA:109,11,1,0
BRDA:117,12,0,0
BRDA:117,12,1,0
BRDA:129,13,0,0
BRDA:129,13,1,0
BRDA:130,14,0,0
BRDA:130,14,1,0
BRDA:138,15,0,0
BRDA:138,15,1,0
BRDA:151,16,0,0
BRDA:151,16,1,0
BRDA:157,17,0,0
BRDA:157,17,1,0
BRDA:168,18,0,0
BRDA:168,18,1,0
BRDA:172,19,0,0
BRDA:172,19,1,0
BRDA:185,20,0,0
BRDA:185,20,1,0
BRDA:191,21,0,0
BRDA:191,21,1,0
BRDA:204,22,0,0
BRDA:204,22,1,0
BRDA:210,23,0,0
BRDA:210,23,1,0
BRDA:223,24,0,0
BRDA:223,24,1,0
BRDA:229,25,0,0
BRDA:229,25,1,0
BRDA:241,26,0,0
BRDA:241,26,1,0
BRDA:247,27,0,0
BRDA:247,27,1,0
BRDA:258,28,0,0
BRDA:258,28,1,0
BRDA:264,29,0,0
BRDA:264,29,1,0
BRF:60
BRH:0
end_of_record
TN:
SF:backend\infra\gateways\index.ts
FNF:0
FNH:0
DA:1,0
DA:2,0
DA:3,0
DA:4,0
LF:4
LH:0
BRF:0
BRH:0
end_of_record
TN:
SF:backend\infra\mappers\BattleMapper.ts
FN:24,(anonymous_0)
FN:54,(anonymous_1)
FN:86,(anonymous_2)
FN:87,(anonymous_3)
FNF:4
FNH:4
FNDA:9,(anonymous_0)
FNDA:3,(anonymous_1)
FNDA:2,(anonymous_2)
FNDA:2,(anonymous_3)
DA:23,1
DA:25,9
DA:33,9
DA:41,9
DA:55,3
DA:57,3
DA:58,3
DA:59,3
DA:60,3
DA:61,3
DA:63,3
DA:64,3
DA:65,3
DA:66,3
DA:67,3
DA:68,3
DA:71,3
DA:72,2
DA:73,2
DA:74,2
DA:75,2
DA:76,2
DA:79,3
DA:80,2
DA:83,3
DA:87,2
LF:26
LH:26
BRDA:57,0,0,3
BRDA:57,0,1,0
BRDA:58,1,0,1
BRDA:58,1,1,2
BRDA:59,2,0,3
BRDA:59,2,1,0
BRDA:60,3,0,2
BRDA:60,3,1,1
BRDA:61,4,0,1
BRDA:61,4,1,2
BRDA:63,5,0,3
BRDA:63,5,1,0
BRDA:71,6,0,2
BRDA:71,6,1,1
BRDA:79,7,0,2
BRDA:79,7,1,1
BRF:16
BRH:13
end_of_record
TN:
SF:backend\infra\mappers\CharacterMapper.ts
FN:16,(anonymous_0)
FN:34,(anonymous_1)
FN:52,(anonymous_2)
FN:53,(anonymous_3)
FNF:4
FNH:4
FNDA:5,(anonymous_0)
FNDA:2,(anonymous_1)
FNDA:2,(anonymous_2)
FNDA:2,(anonymous_3)
DA:15,1
DA:17,5
DA:25,5
DA:35,2
DA:37,2
DA:38,2
DA:39,2
DA:41,2
DA:42,2
DA:43,2
DA:44,2
DA:45,2
DA:46,2
DA:49,2
DA:53,2
LF:15
LH:15
BRDA:37,0,0,2
BRDA:37,0,1,0
BRDA:38,1,0,2
BRDA:38,1,1,0
BRDA:39,2,0,2
BRDA:39,2,1,0
BRDA:41,3,0,2
BRDA:41,3,1,0
BRDA:42,4,0,2
BRDA:42,4,1,0
BRDA:43,5,0,1
BRDA:43,5,1,1
BRDA:44,6,0,1
BRDA:44,6,1,1
BRDA:45,7,0,1
BRDA:45,7,1,1
BRDA:46,8,0,1
BRDA:46,8,1,1
BRF:18
BRH:13
end_of_record
TN:
SF:backend\infra\mappers\UserMapper.ts
FN:14,(anonymous_0)
FN:26,(anonymous_1)
FN:38,(anonymous_2)
FN:39,(anonymous_3)
FNF:4
FNH:4
FNDA:7,(anonymous_0)
FNDA:2,(anonymous_1)
FNDA:2,(anonymous_2)
FNDA:2,(anonymous_3)
DA:13,1
DA:15,7
DA:27,2
DA:29,2
DA:30,2
DA:31,2
DA:32,2
DA:33,2
DA:35,2
DA:39,2
LF:10
LH:10
BRDA:29,0,0,1
BRDA:29,0,1,1
BRDA:30,1,0,1
BRDA:30,1,1,1
BRDA:31,2,0,2
BRDA:31,2,1,0
BRDA:32,3,0,2
BRDA:32,3,1,0
BRDA:33,4,0,1
BRDA:33,4,1,1
BRF:10
BRH:8
end_of_record
TN:
SF:backend\infra\mappers\index.ts
FNF:0
FNH:0
DA:1,0
DA:2,0
DA:3,0
LF:3
LH:0
BRF:0
BRH:0
end_of_record
TN:
SF:backend\infra\supabase\client.ts
FNF:0
FNH:0
DA:1,0
DA:2,0
DA:5,0
DA:8,0
DA:13,0
DA:14,0
DA:16,0
DA:17,0
DA:20,0
LF:9
LH:0
BRDA:16,0,0,0
BRDA:16,0,1,0
BRDA:16,1,0,0
BRDA:16,1,1,0
BRF:4
BRH:0
end_of_record
TN:
SF:backend\middleware\auth.ts
FN:12,(anonymous_0)
FN:51,(anonymous_1)
FNF:2
FNH:0
FNDA:0,(anonymous_0)
FNDA:0,(anonymous_1)
DA:2,0
DA:12,0
DA:13,0
DA:14,0
DA:15,0
DA:17,0
DA:18,0
DA:25,0
DA:27,0
DA:28,0
DA:35,0
DA:41,0
DA:43,0
DA:44,0
DA:51,0
DA:52,0
DA:53,0
DA:54,0
DA:56,0
DA:57,0
DA:59,0
DA:60,0
DA:68,0
DA:70,0
DA:71,0
LF:25
LH:0
BRDA:15,0,0,0
BRDA:15,0,1,0
BRDA:17,1,0,0
BRDA:17,1,1,0
BRDA:27,2,0,0
BRDA:27,2,1,0
BRDA:27,3,0,0
BRDA:27,3,1,0
BRDA:37,4,0,0
BRDA:37,4,1,0
BRDA:54,5,0,0
BRDA:54,5,1,0
BRDA:56,6,0,0
BRDA:56,6,1,0
BRDA:59,7,0,0
BRDA:59,7,1,0
BRDA:59,8,0,0
BRDA:59,8,1,0
BRDA:62,9,0,0
BRDA:62,9,1,0
BRF:20
BRH:0
end_of_record
